<?xml version="1.0" encoding="UTF-8"?>
<Site BuildName="(empty)"
	BuildStamp="20240726-0710-Experimental"
	Name="kiyanoush-XPS-13-9370"
	Generator="ctest-3.16.3"
	CompilerName="/usr/lib/ccache/c++"
	CompilerVersion="9.4.0"
	OSName="Linux"
	Hostname="kiyanoush-XPS-13-9370"
	OSRelease="5.15.0-117-generic"
	OSVersion="#127~20.04.1-Ubuntu SMP Thu Jul 11 15:36:12 UTC 2024"
	OSPlatform="x86_64"
	Is64Bits="1"
	VendorString="GenuineIntel"
	VendorID="Intel Corporation"
	FamilyID="6"
	ModelID="142"
	ProcessorCacheSize="8192"
	NumberOfLogicalCPU="8"
	NumberOfPhysicalCPU="4"
	TotalVirtualMemory="3905"
	TotalPhysicalMemory="7637"
	LogicalProcessorsPerPhysical="2"
	ProcessorClockFrequency="3104.14"
	>
	<Testing>
		<StartDateTime>Jul 26 08:10 BST</StartDateTime>
		<StartTestTime>1721977832</StartTestTime>
		<TestList/>
		<EndDateTime>Jul 26 08:10 BST</EndDateTime>
		<EndTestTime>1721977832</EndTestTime>
		<ElapsedMinutes>0</ElapsedMinutes>
	</Testing>
</Site>
