<?xml version="1.0" encoding="UTF-8"?>
<Site BuildName="(empty)"
	BuildStamp="20250225-1007-Experimental"
	Name="kiyanoush-XPS-13-9370"
	Generator="ctest-3.16.3"
	CompilerName="/usr/lib/ccache/c++"
	CompilerVersion="9.4.0"
	OSName="Linux"
	Hostname="kiyanoush-XPS-13-9370"
	OSRelease="5.15.0-131-generic"
	OSVersion="#141~20.04.1-Ubuntu SMP Thu Jan 16 18:38:51 UTC 2025"
	OSPlatform="x86_64"
	Is64Bits="1"
	VendorString="GenuineIntel"
	VendorID="Intel Corporation"
	FamilyID="6"
	ModelID="142"
	ProcessorCacheSize="8192"
	NumberOfLogicalCPU="8"
	NumberOfPhysicalCPU="4"
	TotalVirtualMemory="3905"
	TotalPhysicalMemory="7637"
	LogicalProcessorsPerPhysical="2"
	ProcessorClockFrequency="3421.39"
	>
	<Testing>
		<StartDateTime>Feb 25 10:07 GMT</StartDateTime>
		<StartTestTime>1740478065</StartTestTime>
		<TestList/>
		<EndDateTime>Feb 25 10:07 GMT</EndDateTime>
		<EndTestTime>1740478065</EndTestTime>
		<ElapsedMinutes>0</ElapsedMinutes>
	</Testing>
</Site>
